Type                                  Module                      Label             Process   
----------------------------------------------------------------------------------------------
ClusterSummary                        "clusterSummaryProducer"    ""                "HLT"     
EBDigiCollection                      "selectDigi"                "selectedEcalEBDigiCollection"   "HLT"     
EEDigiCollection                      "selectDigi"                "selectedEcalEEDigiCollection"   "HLT"     
GenEventInfoProduct                   "generator"                 ""                "HLT"     
HcalNoiseSummary                      "hcalnoise"                 ""                "HLT"     
HcalUnpackerReport                    "castorDigis"               ""                "HLT"     
HcalUnpackerReport                    "hcalDigis"                 ""                "HLT"     
L1GlobalTriggerObjectMaps             "l1L1GtObjectMap"           ""                "HLT"     
L1GlobalTriggerReadoutRecord          "gtDigis"                   ""                "HLT"     
double                                "fixedGridRhoAll"           ""                "HLT"     
double                                "fixedGridRhoFastjetAll"    ""                "HLT"     
double                                "ak5CaloJets"               "rho"             "HLT"     
double                                "ak5GenJets"                "rho"             "HLT"     
double                                "ak5PFJets"                 "rho"             "HLT"     
double                                "ak5TrackJets"              "rho"             "HLT"     
double                                "ak7BasicJets"              "rho"             "HLT"     
double                                "ak7CaloJets"               "rho"             "HLT"     
double                                "ak7GenJets"                "rho"             "HLT"     
double                                "ak7PFJets"                 "rho"             "HLT"     
double                                "kt4CaloJets"               "rho"             "HLT"     
double                                "kt4GenJets"                "rho"             "HLT"     
double                                "kt4PFJets"                 "rho"             "HLT"     
double                                "kt6CaloJets"               "rho"             "HLT"     
double                                "kt6CaloJetsCentral"        "rho"             "HLT"     
double                                "kt6GenJets"                "rho"             "HLT"     
double                                "kt6PFJets"                 "rho"             "HLT"     
double                                "kt6PFJetsCentralChargedPileUp"   "rho"             "HLT"     
double                                "kt6PFJetsCentralNeutral"   "rho"             "HLT"     
double                                "kt6PFJetsCentralNeutralTight"   "rho"             "HLT"     
double                                "ak5CaloJets"               "sigma"           "HLT"     
double                                "ak5GenJets"                "sigma"           "HLT"     
double                                "ak5PFJets"                 "sigma"           "HLT"     
double                                "ak5TrackJets"              "sigma"           "HLT"     
double                                "ak7BasicJets"              "sigma"           "HLT"     
double                                "ak7CaloJets"               "sigma"           "HLT"     
double                                "ak7GenJets"                "sigma"           "HLT"     
double                                "ak7PFJets"                 "sigma"           "HLT"     
double                                "kt4CaloJets"               "sigma"           "HLT"     
double                                "kt4GenJets"                "sigma"           "HLT"     
double                                "kt4PFJets"                 "sigma"           "HLT"     
double                                "kt6CaloJets"               "sigma"           "HLT"     
double                                "kt6CaloJetsCentral"        "sigma"           "HLT"     
double                                "kt6GenJets"                "sigma"           "HLT"     
double                                "kt6PFJets"                 "sigma"           "HLT"     
double                                "kt6PFJetsCentralChargedPileUp"   "sigma"           "HLT"     
double                                "kt6PFJetsCentralNeutral"   "sigma"           "HLT"     
double                                "kt6PFJetsCentralNeutralTight"   "sigma"           "HLT"     
edm::AssociationMap<edm::OneToOne<vector<reco::SuperCluster>,vector<reco::HFEMClusterShape>,unsigned int> >    "hfEMClusters"              ""                "HLT"     
edm::AssociationMap<edm::OneToOne<vector<reco::Track>,vector<reco::Track>,unsigned int> >    "tevMuons"                  "default"         "HLT"     
edm::AssociationMap<edm::OneToOne<vector<reco::Track>,vector<reco::Track>,unsigned int> >    "tevMuons"                  "dyt"             "HLT"     
edm::AssociationMap<edm::OneToOne<vector<reco::Track>,vector<reco::Track>,unsigned int> >    "tevMuons"                  "firstHit"        "HLT"     
edm::AssociationMap<edm::OneToOne<vector<reco::Track>,vector<reco::Track>,unsigned int> >    "tevMuons"                  "picky"           "HLT"     
edm::AssociationVector<edm::RefToBaseProd<reco::Jet>,vector<edm::RefVector<vector<reco::Track>,reco::Track,edm::refhelper::FindUsingAdvance<vector<reco::Track>,reco::Track> > >,edm::RefToBase<reco::Jet>,unsigned int,edm::helper::AssociationIdenticalKeyReference>    "ak5JetTracksAssociatorAtVertex"   ""                "HLT"     
edm::AssociationVector<edm::RefToBaseProd<reco::Jet>,vector<edm::RefVector<vector<reco::Track>,reco::Track,edm::refhelper::FindUsingAdvance<vector<reco::Track>,reco::Track> > >,edm::RefToBase<reco::Jet>,unsigned int,edm::helper::AssociationIdenticalKeyReference>    "ak7JetTracksAssociatorAtVertex"   ""                "HLT"     
edm::AssociationVector<edm::RefToBaseProd<reco::Jet>,vector<float>,edm::RefToBase<reco::Jet>,unsigned int,edm::helper::AssociationIdenticalKeyReference>    "combinedSecondaryVertexBJetTags"   ""                "HLT"     
edm::AssociationVector<edm::RefToBaseProd<reco::Jet>,vector<float>,edm::RefToBase<reco::Jet>,unsigned int,edm::helper::AssociationIdenticalKeyReference>    "combinedSecondaryVertexMVABJetTags"   ""                "HLT"     
edm::AssociationVector<edm::RefToBaseProd<reco::Jet>,vector<float>,edm::RefToBase<reco::Jet>,unsigned int,edm::helper::AssociationIdenticalKeyReference>    "ghostTrackBJetTags"        ""                "HLT"     
edm::AssociationVector<edm::RefToBaseProd<reco::Jet>,vector<float>,edm::RefToBase<reco::Jet>,unsigned int,edm::helper::AssociationIdenticalKeyReference>    "jetBProbabilityBJetTags"   ""                "HLT"     
edm::AssociationVector<edm::RefToBaseProd<reco::Jet>,vector<float>,edm::RefToBase<reco::Jet>,unsigned int,edm::helper::AssociationIdenticalKeyReference>    "jetProbabilityBJetTags"    ""                "HLT"     
edm::AssociationVector<edm::RefToBaseProd<reco::Jet>,vector<float>,edm::RefToBase<reco::Jet>,unsigned int,edm::helper::AssociationIdenticalKeyReference>    "simpleSecondaryVertexHighEffBJetTags"   ""                "HLT"     
edm::AssociationVector<edm::RefToBaseProd<reco::Jet>,vector<float>,edm::RefToBase<reco::Jet>,unsigned int,edm::helper::AssociationIdenticalKeyReference>    "simpleSecondaryVertexHighPurBJetTags"   ""                "HLT"     
edm::AssociationVector<edm::RefToBaseProd<reco::Jet>,vector<float>,edm::RefToBase<reco::Jet>,unsigned int,edm::helper::AssociationIdenticalKeyReference>    "softElectronByIP3dBJetTags"   ""                "HLT"     
edm::AssociationVector<edm::RefToBaseProd<reco::Jet>,vector<float>,edm::RefToBase<reco::Jet>,unsigned int,edm::helper::AssociationIdenticalKeyReference>    "softElectronByPtBJetTags"   ""                "HLT"     
edm::AssociationVector<edm::RefToBaseProd<reco::Jet>,vector<float>,edm::RefToBase<reco::Jet>,unsigned int,edm::helper::AssociationIdenticalKeyReference>    "softMuonBJetTags"          ""                "HLT"     
edm::AssociationVector<edm::RefToBaseProd<reco::Jet>,vector<float>,edm::RefToBase<reco::Jet>,unsigned int,edm::helper::AssociationIdenticalKeyReference>    "softMuonByIP3dBJetTags"    ""                "HLT"     
edm::AssociationVector<edm::RefToBaseProd<reco::Jet>,vector<float>,edm::RefToBase<reco::Jet>,unsigned int,edm::helper::AssociationIdenticalKeyReference>    "softMuonByPtBJetTags"      ""                "HLT"     
edm::AssociationVector<edm::RefToBaseProd<reco::Jet>,vector<float>,edm::RefToBase<reco::Jet>,unsigned int,edm::helper::AssociationIdenticalKeyReference>    "trackCountingHighEffBJetTags"   ""                "HLT"     
edm::AssociationVector<edm::RefToBaseProd<reco::Jet>,vector<float>,edm::RefToBase<reco::Jet>,unsigned int,edm::helper::AssociationIdenticalKeyReference>    "trackCountingHighPurBJetTags"   ""                "HLT"     
edm::AssociationVector<edm::RefToBaseProd<reco::Jet>,vector<reco::JetExtendedAssociation::JetExtendedData>,edm::RefToBase<reco::Jet>,unsigned int,edm::helper::AssociationIdenticalKeyReference>    "ak5JetExtender"            ""                "HLT"     
edm::AssociationVector<edm::RefToBaseProd<reco::Jet>,vector<reco::JetExtendedAssociation::JetExtendedData>,edm::RefToBase<reco::Jet>,unsigned int,edm::helper::AssociationIdenticalKeyReference>    "ak7JetExtender"            ""                "HLT"     
edm::AssociationVector<edm::RefToBaseProd<reco::Jet>,vector<reco::JetExtendedAssociation::JetExtendedData>,edm::RefToBase<reco::Jet>,unsigned int,edm::helper::AssociationIdenticalKeyReference>    "kt4JetExtender"            ""                "HLT"     
edm::ConditionsInEventBlock           "conditionsInEdm"           ""                "HLT"     
edm::OwnVector<TrackingRecHit,edm::ClonePolicy<TrackingRecHit> >    "refittedStandAloneMuons"   ""                "HLT"     
edm::OwnVector<TrackingRecHit,edm::ClonePolicy<TrackingRecHit> >    "standAloneMuons"           ""                "HLT"     
edm::SortedCollection<CaloTower,edm::StrictWeakOrdering<CaloTower> >    "towerMaker"                ""                "HLT"     
edm::SortedCollection<CastorRecHit,edm::StrictWeakOrdering<CastorRecHit> >    "castorreco"                ""                "HLT"     
edm::SortedCollection<EcalRecHit,edm::StrictWeakOrdering<EcalRecHit> >    "reducedEcalRecHitsEB"      ""                "HLT"     
edm::SortedCollection<EcalRecHit,edm::StrictWeakOrdering<EcalRecHit> >    "reducedEcalRecHitsEE"      ""                "HLT"     
edm::SortedCollection<EcalRecHit,edm::StrictWeakOrdering<EcalRecHit> >    "reducedEcalRecHitsES"      ""                "HLT"     
edm::SortedCollection<HBHERecHit,edm::StrictWeakOrdering<HBHERecHit> >    "reducedHcalRecHits"        "hbhereco"        "HLT"     
edm::SortedCollection<HFRecHit,edm::StrictWeakOrdering<HFRecHit> >    "reducedHcalRecHits"        "hfreco"          "HLT"     
edm::SortedCollection<HORecHit,edm::StrictWeakOrdering<HORecHit> >    "reducedHcalRecHits"        "horeco"          "HLT"     
edm::TriggerResults                   "TriggerResults"            ""                "HLT"     
edm::ValueMap<bool>                   "PhotonIDProd"              "PhotonCutBasedIDLoose"   "HLT"     
edm::ValueMap<bool>                   "PhotonIDProd"              "PhotonCutBasedIDLooseEM"   "HLT"     
edm::ValueMap<bool>                   "PhotonIDProd"              "PhotonCutBasedIDTight"   "HLT"     
edm::ValueMap<bool>                   "muons"                     "muidAllArbitrated"   "HLT"     
edm::ValueMap<bool>                   "muons"                     "muidGMStaChiCompatibility"   "HLT"     
edm::ValueMap<bool>                   "muons"                     "muidGMTkChiCompatibility"   "HLT"     
edm::ValueMap<bool>                   "muons"                     "muidGMTkKinkTight"   "HLT"     
edm::ValueMap<bool>                   "muons"                     "muidGlobalMuonPromptTight"   "HLT"     
edm::ValueMap<bool>                   "muons"                     "muidTM2DCompatibilityLoose"   "HLT"     
edm::ValueMap<bool>                   "muons"                     "muidTM2DCompatibilityTight"   "HLT"     
edm::ValueMap<bool>                   "muons"                     "muidTMLastStationAngLoose"   "HLT"     
edm::ValueMap<bool>                   "muons"                     "muidTMLastStationAngTight"   "HLT"     
edm::ValueMap<bool>                   "muons"                     "muidTMLastStationLoose"   "HLT"     
edm::ValueMap<bool>                   "muons"                     "muidTMLastStationOptimizedLowPtLoose"   "HLT"     
edm::ValueMap<bool>                   "muons"                     "muidTMLastStationOptimizedLowPtTight"   "HLT"     
edm::ValueMap<bool>                   "muons"                     "muidTMLastStationTight"   "HLT"     
edm::ValueMap<bool>                   "muons"                     "muidTMOneStationAngLoose"   "HLT"     
edm::ValueMap<bool>                   "muons"                     "muidTMOneStationAngTight"   "HLT"     
edm::ValueMap<bool>                   "muons"                     "muidTMOneStationLoose"   "HLT"     
edm::ValueMap<bool>                   "muons"                     "muidTMOneStationTight"   "HLT"     
edm::ValueMap<bool>                   "muons"                     "muidTrackerMuonArbitrated"   "HLT"     
edm::ValueMap<double>                 "muons"                     "muPFIsoValueCharged03"   "HLT"     
edm::ValueMap<double>                 "muons"                     "muPFIsoValueCharged04"   "HLT"     
edm::ValueMap<double>                 "muons"                     "muPFIsoValueChargedAll03"   "HLT"     
edm::ValueMap<double>                 "muons"                     "muPFIsoValueChargedAll04"   "HLT"     
edm::ValueMap<double>                 "muons"                     "muPFIsoValueGamma03"   "HLT"     
edm::ValueMap<double>                 "muons"                     "muPFIsoValueGamma04"   "HLT"     
edm::ValueMap<double>                 "muons"                     "muPFIsoValueNeutral03"   "HLT"     
edm::ValueMap<double>                 "muons"                     "muPFIsoValueNeutral04"   "HLT"     
edm::ValueMap<double>                 "muons"                     "muPFIsoValuePU03"   "HLT"     
edm::ValueMap<double>                 "muons"                     "muPFIsoValuePU04"   "HLT"     
edm::ValueMap<edm::Ptr<reco::PFCandidate> >    "particleFlow"              "electrons"       "HLT"     
edm::ValueMap<edm::Ptr<reco::PFCandidate> >    "particleFlow"              "muons"           "HLT"     
edm::ValueMap<edm::Ptr<reco::PFCandidate> >    "particleFlow"              "photons"         "HLT"     
edm::ValueMap<float>                  "eidLoose"                  ""                "HLT"     
edm::ValueMap<float>                  "eidRobustHighEnergy"       ""                "HLT"     
edm::ValueMap<float>                  "eidRobustLoose"            ""                "HLT"     
edm::ValueMap<float>                  "eidRobustTight"            ""                "HLT"     
edm::ValueMap<float>                  "eidTight"                  ""                "HLT"     
edm::ValueMap<reco::CastorJetID>      "ak7CastorJetID"            ""                "HLT"     
edm::ValueMap<reco::DeDxData>         "dedxDiscrimASmi"           ""                "HLT"     
edm::ValueMap<reco::DeDxData>         "dedxHarmonic2"             ""                "HLT"     
edm::ValueMap<reco::IsoDeposit>       "muIsoDepositJets"          ""                "HLT"     
edm::ValueMap<reco::IsoDeposit>       "muIsoDepositTk"            ""                "HLT"     
edm::ValueMap<reco::IsoDeposit>       "muIsoDepositCalByAssociatorTowers"   "ecal"            "HLT"     
edm::ValueMap<reco::IsoDeposit>       "muons"                     "ecal"            "HLT"     
edm::ValueMap<reco::IsoDeposit>       "muIsoDepositCalByAssociatorTowers"   "hcal"            "HLT"     
edm::ValueMap<reco::IsoDeposit>       "muons"                     "hcal"            "HLT"     
edm::ValueMap<reco::IsoDeposit>       "muIsoDepositCalByAssociatorTowers"   "ho"              "HLT"     
edm::ValueMap<reco::IsoDeposit>       "muons"                     "ho"              "HLT"     
edm::ValueMap<reco::IsoDeposit>       "muons"                     "muIsoDepositJets"   "HLT"     
edm::ValueMap<reco::IsoDeposit>       "muons"                     "muIsoDepositTk"   "HLT"     
edm::ValueMap<reco::JetID>            "ak5JetID"                  ""                "HLT"     
edm::ValueMap<reco::JetID>            "ak7JetID"                  ""                "HLT"     
edm::ValueMap<reco::JetID>            "kt4JetID"                  ""                "HLT"     
edm::ValueMap<reco::JetID>            "kt6JetID"                  ""                "HLT"     
edm::ValueMap<reco::MuonCosmicCompatibility>    "muons"                     "cosmicsVeto"     "HLT"     
edm::ValueMap<reco::MuonMETCorrectionData>    "muonMETValueMapProducer"   "muCorrData"      "HLT"     
edm::ValueMap<reco::MuonMETCorrectionData>    "muonTCMETValueMapProducer"   "muCorrData"      "HLT"     
edm::ValueMap<reco::MuonShower>       "muons"                     "muonShowerInformation"   "HLT"     
edm::ValueMap<reco::MuonTimeExtra>    "muons"                     "combined"        "HLT"     
edm::ValueMap<reco::MuonTimeExtra>    "muons"                     "csc"             "HLT"     
edm::ValueMap<reco::MuonTimeExtra>    "muons"                     "dt"              "HLT"     
edm::ValueMap<unsigned int>           "muons"                     "cosmicsVeto"     "HLT"     
reco::BeamHaloSummary                 "BeamHaloSummary"           ""                "HLT"     
reco::BeamSpot                        "offlineBeamSpot"           ""                "HLT"     
reco::CaloTauDiscriminator            "caloRecoTauDiscriminationAgainstElectron"   ""                "HLT"     
reco::CaloTauDiscriminator            "caloRecoTauDiscriminationAgainstMuon"   ""                "HLT"     
reco::CaloTauDiscriminator            "caloRecoTauDiscriminationByECALIsolation"   ""                "HLT"     
reco::CaloTauDiscriminator            "caloRecoTauDiscriminationByIsolation"   ""                "HLT"     
reco::CaloTauDiscriminator            "caloRecoTauDiscriminationByLeadingTrackFinding"   ""                "HLT"     
reco::CaloTauDiscriminator            "caloRecoTauDiscriminationByLeadingTrackPtCut"   ""                "HLT"     
reco::CaloTauDiscriminator            "caloRecoTauDiscriminationByTrackIsolation"   ""                "HLT"     
reco::GlobalHaloData                  "GlobalHaloData"            ""                "HLT"     
reco::JetPiZeroAssociation            "ak5PFJetsRecoTauPiZeros"   ""                "HLT"     
reco::PFTauDiscriminator              "hpsPFTauDiscriminationByDecayModeFinding"   ""                "HLT"     
reco::PFTauDiscriminator              "hpsPFTauDiscriminationByLooseChargedIsolation"   ""                "HLT"     
reco::PFTauDiscriminator              "hpsPFTauDiscriminationByLooseCombinedIsolationDBSumPtCorr"   ""                "HLT"     
reco::PFTauDiscriminator              "hpsPFTauDiscriminationByLooseElectronRejection"   ""                "HLT"     
reco::PFTauDiscriminator              "hpsPFTauDiscriminationByLooseIsolation"   ""                "HLT"     
reco::PFTauDiscriminator              "hpsPFTauDiscriminationByLooseIsolationDBSumPtCorr"   ""                "HLT"     
reco::PFTauDiscriminator              "hpsPFTauDiscriminationByLooseMuonRejection"   ""                "HLT"     
reco::PFTauDiscriminator              "hpsPFTauDiscriminationByMVAElectronRejection"   ""                "HLT"     
reco::PFTauDiscriminator              "hpsPFTauDiscriminationByMediumChargedIsolation"   ""                "HLT"     
reco::PFTauDiscriminator              "hpsPFTauDiscriminationByMediumCombinedIsolationDBSumPtCorr"   ""                "HLT"     
reco::PFTauDiscriminator              "hpsPFTauDiscriminationByMediumElectronRejection"   ""                "HLT"     
reco::PFTauDiscriminator              "hpsPFTauDiscriminationByMediumIsolation"   ""                "HLT"     
reco::PFTauDiscriminator              "hpsPFTauDiscriminationByMediumIsolationDBSumPtCorr"   ""                "HLT"     
reco::PFTauDiscriminator              "hpsPFTauDiscriminationByMediumMuonRejection"   ""                "HLT"     
reco::PFTauDiscriminator              "hpsPFTauDiscriminationByRawChargedIsolationDBSumPtCorr"   ""                "HLT"     
reco::PFTauDiscriminator              "hpsPFTauDiscriminationByRawCombinedIsolationDBSumPtCorr"   ""                "HLT"     
reco::PFTauDiscriminator              "hpsPFTauDiscriminationByRawGammaIsolationDBSumPtCorr"   ""                "HLT"     
reco::PFTauDiscriminator              "hpsPFTauDiscriminationByTightChargedIsolation"   ""                "HLT"     
reco::PFTauDiscriminator              "hpsPFTauDiscriminationByTightCombinedIsolationDBSumPtCorr"   ""                "HLT"     
reco::PFTauDiscriminator              "hpsPFTauDiscriminationByTightElectronRejection"   ""                "HLT"     
reco::PFTauDiscriminator              "hpsPFTauDiscriminationByTightIsolation"   ""                "HLT"     
reco::PFTauDiscriminator              "hpsPFTauDiscriminationByTightIsolationDBSumPtCorr"   ""                "HLT"     
reco::PFTauDiscriminator              "hpsPFTauDiscriminationByTightMuonRejection"   ""                "HLT"     
reco::PFTauDiscriminator              "hpsPFTauDiscriminationByVLooseChargedIsolation"   ""                "HLT"     
reco::PFTauDiscriminator              "hpsPFTauDiscriminationByVLooseCombinedIsolationDBSumPtCorr"   ""                "HLT"     
reco::PFTauDiscriminator              "hpsPFTauDiscriminationByVLooseIsolation"   ""                "HLT"     
reco::PFTauDiscriminator              "hpsPFTauDiscriminationByVLooseIsolationDBSumPtCorr"   ""                "HLT"     
reco::PFTauDiscriminator              "hpsTancTausDiscriminationByDecayModeSelection"   ""                "HLT"     
reco::PFTauDiscriminator              "hpsTancTausDiscriminationByLeadingPionPtCut"   ""                "HLT"     
reco::PFTauDiscriminator              "hpsTancTausDiscriminationByLeadingTrackFinding"   ""                "HLT"     
reco::PFTauDiscriminator              "hpsTancTausDiscriminationByLeadingTrackPtCut"   ""                "HLT"     
reco::PFTauDiscriminator              "hpsTancTausDiscriminationByLooseElectronRejection"   ""                "HLT"     
reco::PFTauDiscriminator              "hpsTancTausDiscriminationByLooseIsolation"   ""                "HLT"     
reco::PFTauDiscriminator              "hpsTancTausDiscriminationByLooseMuonRejection"   ""                "HLT"     
reco::PFTauDiscriminator              "hpsTancTausDiscriminationByMediumElectronRejection"   ""                "HLT"     
reco::PFTauDiscriminator              "hpsTancTausDiscriminationByMediumIsolation"   ""                "HLT"     
reco::PFTauDiscriminator              "hpsTancTausDiscriminationByTanc"   ""                "HLT"     
reco::PFTauDiscriminator              "hpsTancTausDiscriminationByTancLoose"   ""                "HLT"     
reco::PFTauDiscriminator              "hpsTancTausDiscriminationByTancMedium"   ""                "HLT"     
reco::PFTauDiscriminator              "hpsTancTausDiscriminationByTancRaw"   ""                "HLT"     
reco::PFTauDiscriminator              "hpsTancTausDiscriminationByTancTight"   ""                "HLT"     
reco::PFTauDiscriminator              "hpsTancTausDiscriminationByTancVLoose"   ""                "HLT"     
reco::PFTauDiscriminator              "hpsTancTausDiscriminationByTightElectronRejection"   ""                "HLT"     
reco::PFTauDiscriminator              "hpsTancTausDiscriminationByTightIsolation"   ""                "HLT"     
reco::PFTauDiscriminator              "hpsTancTausDiscriminationByTightMuonRejection"   ""                "HLT"     
reco::PFTauDiscriminator              "hpsTancTausDiscriminationByVLooseIsolation"   ""                "HLT"     
reco::PFTauDiscriminator              "shrinkingConePFTauDiscriminationAgainstElectron"   ""                "HLT"     
reco::PFTauDiscriminator              "shrinkingConePFTauDiscriminationAgainstMuon"   ""                "HLT"     
reco::PFTauDiscriminator              "shrinkingConePFTauDiscriminationByECALIsolation"   ""                "HLT"     
reco::PFTauDiscriminator              "shrinkingConePFTauDiscriminationByECALIsolationUsingLeadingPion"   ""                "HLT"     
reco::PFTauDiscriminator              "shrinkingConePFTauDiscriminationByIsolation"   ""                "HLT"     
reco::PFTauDiscriminator              "shrinkingConePFTauDiscriminationByIsolationUsingLeadingPion"   ""                "HLT"     
reco::PFTauDiscriminator              "shrinkingConePFTauDiscriminationByLeadingPionPtCut"   ""                "HLT"     
reco::PFTauDiscriminator              "shrinkingConePFTauDiscriminationByLeadingTrackFinding"   ""                "HLT"     
reco::PFTauDiscriminator              "shrinkingConePFTauDiscriminationByLeadingTrackPtCut"   ""                "HLT"     
reco::PFTauDiscriminator              "shrinkingConePFTauDiscriminationByTaNC"   ""                "HLT"     
reco::PFTauDiscriminator              "shrinkingConePFTauDiscriminationByTaNCfrHalfPercent"   ""                "HLT"     
reco::PFTauDiscriminator              "shrinkingConePFTauDiscriminationByTaNCfrOnePercent"   ""                "HLT"     
reco::PFTauDiscriminator              "shrinkingConePFTauDiscriminationByTaNCfrQuarterPercent"   ""                "HLT"     
reco::PFTauDiscriminator              "shrinkingConePFTauDiscriminationByTaNCfrTenthPercent"   ""                "HLT"     
reco::PFTauDiscriminator              "shrinkingConePFTauDiscriminationByTrackIsolation"   ""                "HLT"     
reco::PFTauDiscriminator              "shrinkingConePFTauDiscriminationByTrackIsolationUsingLeadingPion"   ""                "HLT"     
vector<BeamSpotOnline>                "hltScalersRawToDigi"       ""                "HLT"     
vector<BeamSpotOnline>                "scalersRawToDigi"          ""                "HLT"     
vector<DcsStatus>                     "hltScalersRawToDigi"       ""                "HLT"     
vector<DcsStatus>                     "scalersRawToDigi"          ""                "HLT"     
vector<L1AcceptBunchCrossing>         "hltScalersRawToDigi"       ""                "HLT"     
vector<L1AcceptBunchCrossing>         "scalersRawToDigi"          ""                "HLT"     
vector<L1TriggerScalers>              "hltScalersRawToDigi"       ""                "HLT"     
vector<L1TriggerScalers>              "scalersRawToDigi"          ""                "HLT"     
vector<Level1TriggerScalers>          "hltScalersRawToDigi"       ""                "HLT"     
vector<Level1TriggerScalers>          "scalersRawToDigi"          ""                "HLT"     
vector<LumiScalers>                   "hltScalersRawToDigi"       ""                "HLT"     
vector<LumiScalers>                   "scalersRawToDigi"          ""                "HLT"     
vector<PileupSummaryInfo>             "addPileupInfo"             ""                "HLT"     
vector<double>                        "ak5CaloJets"               "rhos"            "HLT"     
vector<double>                        "ak5GenJets"                "rhos"            "HLT"     
vector<double>                        "ak5PFJets"                 "rhos"            "HLT"     
vector<double>                        "ak5TrackJets"              "rhos"            "HLT"     
vector<double>                        "ak7BasicJets"              "rhos"            "HLT"     
vector<double>                        "ak7CaloJets"               "rhos"            "HLT"     
vector<double>                        "ak7GenJets"                "rhos"            "HLT"     
vector<double>                        "ak7PFJets"                 "rhos"            "HLT"     
vector<double>                        "kt4CaloJets"               "rhos"            "HLT"     
vector<double>                        "kt4GenJets"                "rhos"            "HLT"     
vector<double>                        "kt4PFJets"                 "rhos"            "HLT"     
vector<double>                        "kt6CaloJets"               "rhos"            "HLT"     
vector<double>                        "kt6GenJets"                "rhos"            "HLT"     
vector<double>                        "kt6PFJets"                 "rhos"            "HLT"     
vector<double>                        "ak5CaloJets"               "sigmas"          "HLT"     
vector<double>                        "ak5GenJets"                "sigmas"          "HLT"     
vector<double>                        "ak5PFJets"                 "sigmas"          "HLT"     
vector<double>                        "ak5TrackJets"              "sigmas"          "HLT"     
vector<double>                        "ak7BasicJets"              "sigmas"          "HLT"     
vector<double>                        "ak7CaloJets"               "sigmas"          "HLT"     
vector<double>                        "ak7GenJets"                "sigmas"          "HLT"     
vector<double>                        "ak7PFJets"                 "sigmas"          "HLT"     
vector<double>                        "kt4CaloJets"               "sigmas"          "HLT"     
vector<double>                        "kt4GenJets"                "sigmas"          "HLT"     
vector<double>                        "kt4PFJets"                 "sigmas"          "HLT"     
vector<double>                        "kt6CaloJets"               "sigmas"          "HLT"     
vector<double>                        "kt6GenJets"                "sigmas"          "HLT"     
vector<double>                        "kt6PFJets"                 "sigmas"          "HLT"     
vector<edm::ErrorSummaryEntry>        "logErrorHarvester"         ""                "HLT"     
vector<int>                           "genParticles"              ""                "HLT"     
vector<l1extra::L1EmParticle>         "l1extraParticles"          "Isolated"        "HLT"     
vector<l1extra::L1EmParticle>         "l1extraParticles"          "NonIsolated"     "HLT"     
vector<l1extra::L1EtMissParticle>     "l1extraParticles"          "MET"             "HLT"     
vector<l1extra::L1EtMissParticle>     "l1extraParticles"          "MHT"             "HLT"     
vector<l1extra::L1HFRings>            "l1extraParticles"          ""                "HLT"     
vector<l1extra::L1JetParticle>        "l1extraParticles"          "Central"         "HLT"     
vector<l1extra::L1JetParticle>        "l1extraParticles"          "Forward"         "HLT"     
vector<l1extra::L1JetParticle>        "l1extraParticles"          "Tau"             "HLT"     
vector<l1extra::L1MuonParticle>       "l1extraParticles"          ""                "HLT"     
vector<reco::BasicJet>                "ak7BasicJets"              ""                "HLT"     
vector<reco::CaloCluster>             "hfEMClusters"              ""                "HLT"     
vector<reco::CaloCluster>             "hybridSuperClusters"       "hybridBarrelBasicClusters"   "HLT"     
vector<reco::CaloCluster>             "multi5x5SuperClusters"     "multi5x5EndcapBasicClusters"   "HLT"     
vector<reco::CaloCluster>             "pfElectronTranslator"      "pf"              "HLT"     
vector<reco::CaloCluster>             "pfPhotonTranslator"        "pfphot"          "HLT"     
vector<reco::CaloCluster>             "hybridSuperClusters"       "uncleanOnlyHybridBarrelBasicClusters"   "HLT"     
vector<reco::CaloJet>                 "ak5CaloJets"               ""                "HLT"     
vector<reco::CaloJet>                 "ak7CaloJets"               ""                "HLT"     
vector<reco::CaloJet>                 "kt4CaloJets"               ""                "HLT"     
vector<reco::CaloJet>                 "kt6CaloJets"               ""                "HLT"     
vector<reco::CaloMET>                 "corMetGlobalMuons"         ""                "HLT"     
vector<reco::CaloMET>                 "met"                       ""                "HLT"     
vector<reco::CaloMET>                 "metHO"                     ""                "HLT"     
vector<reco::CaloMET>                 "metNoHF"                   ""                "HLT"     
vector<reco::CaloTau>                 "caloRecoTauProducer"       ""                "HLT"     
vector<reco::CaloTauTagInfo>          "caloRecoTauTagInfoProducer"   ""                "HLT"     
vector<reco::CastorTower>             "CastorTowerReco"           ""                "HLT"     
vector<reco::Conversion>              "allConversions"            ""                "HLT"     
vector<reco::Conversion>              "conversions"               ""                "HLT"     
vector<reco::Conversion>              "uncleanedOnlyAllConversions"   ""                "HLT"     
vector<reco::Conversion>              "pfPhotonTranslator"        "pfphot"          "HLT"     
vector<reco::GenJet>                  "ak5GenJets"                ""                "HLT"     
vector<reco::GenJet>                  "ak7GenJets"                ""                "HLT"     
vector<reco::GenJet>                  "kt4GenJets"                ""                "HLT"     
vector<reco::GenJet>                  "kt6GenJets"                ""                "HLT"     
vector<reco::GenMET>                  "genMetCalo"                ""                "HLT"     
vector<reco::GenMET>                  "genMetCaloAndNonPrompt"    ""                "HLT"     
vector<reco::GenMET>                  "genMetTrue"                ""                "HLT"     
vector<reco::GenParticle>             "genParticles"              ""                "HLT"     
vector<reco::GsfElectron>             "gsfElectrons"              ""                "HLT"     
vector<reco::GsfElectron>             "uncleanedOnlyGsfElectrons"   ""                "HLT"     
vector<reco::GsfElectronCore>         "gsfElectronCores"          ""                "HLT"     
vector<reco::GsfElectronCore>         "uncleanedOnlyGsfElectronCores"   ""                "HLT"     
vector<reco::GsfTrack>                "electronGsfTracks"         ""                "HLT"     
vector<reco::HFEMClusterShape>        "hfEMClusters"              ""                "HLT"     
vector<reco::JPTJet>                  "JetPlusTrackZSPCorJetAntiKt5"   ""                "HLT"     
vector<reco::JPTJet>                  "TCTauJetPlusTrackZSPCorJetAntiKt5"   ""                "HLT"     
vector<reco::MET>                     "htMetAK5"                  ""                "HLT"     
vector<reco::MET>                     "htMetAK7"                  ""                "HLT"     
vector<reco::MET>                     "htMetIC5"                  ""                "HLT"     
vector<reco::MET>                     "htMetKT4"                  ""                "HLT"     
vector<reco::MET>                     "htMetKT6"                  ""                "HLT"     
vector<reco::MET>                     "tcMet"                     ""                "HLT"     
vector<reco::MET>                     "tcMetWithPFclusters"       ""                "HLT"     
vector<reco::Muon>                    "muons"                     ""                "HLT"     
vector<reco::Muon>                    "muonsFromCosmics"          ""                "HLT"     
vector<reco::Muon>                    "muonsFromCosmics1Leg"      ""                "HLT"     
vector<reco::PFCandidate>             "particleFlow"              ""                "HLT"     
vector<reco::PFCandidate>             "particleFlowTmp"           "AddedMuonsAndHadrons"   "HLT"     
vector<reco::PFCandidate>             "particleFlowTmp"           "CleanedCosmicsMuons"   "HLT"     
vector<reco::PFCandidate>             "particleFlowTmp"           "CleanedFakeMuons"   "HLT"     
vector<reco::PFCandidate>             "particleFlowTmp"           "CleanedHF"       "HLT"     
vector<reco::PFCandidate>             "particleFlowTmp"           "CleanedPunchThroughMuons"   "HLT"     
vector<reco::PFCandidate>             "particleFlowTmp"           "CleanedPunchThroughNeutralHadrons"   "HLT"     
vector<reco::PFCandidate>             "particleFlowTmp"           "CleanedTrackerAndGlobalMuons"   "HLT"     
vector<reco::PFCandidate>             "particleFlowTmp"           "electrons"       "HLT"     
vector<reco::PFJet>                   "ak5PFJets"                 ""                "HLT"     
vector<reco::PFJet>                   "ak7PFJets"                 ""                "HLT"     
vector<reco::PFJet>                   "kt4PFJets"                 ""                "HLT"     
vector<reco::PFJet>                   "kt6PFJets"                 ""                "HLT"     
vector<reco::PFMET>                   "pfMet"                     ""                "HLT"     
vector<reco::PFRecHit>                "particleFlowClusterECAL"   "Cleaned"         "HLT"     
vector<reco::PFRecHit>                "particleFlowClusterHCAL"   "Cleaned"         "HLT"     
vector<reco::PFRecHit>                "particleFlowClusterHFEM"   "Cleaned"         "HLT"     
vector<reco::PFRecHit>                "particleFlowClusterHFHAD"   "Cleaned"         "HLT"     
vector<reco::PFRecHit>                "particleFlowClusterHO"     "Cleaned"         "HLT"     
vector<reco::PFRecHit>                "particleFlowClusterPS"     "Cleaned"         "HLT"     
vector<reco::PFRecHit>                "particleFlowRecHitECAL"    "Cleaned"         "HLT"     
vector<reco::PFRecHit>                "particleFlowRecHitHCAL"    "Cleaned"         "HLT"     
vector<reco::PFRecHit>                "particleFlowRecHitHO"      "Cleaned"         "HLT"     
vector<reco::PFRecHit>                "particleFlowRecHitPS"      "Cleaned"         "HLT"     
vector<reco::PFTau>                   "hpsPFTauProducer"          ""                "HLT"     
vector<reco::PFTau>                   "hpsTancTaus"               ""                "HLT"     
vector<reco::PFTau>                   "shrinkingConePFTauProducer"   ""                "HLT"     
vector<reco::Photon>                  "photons"                   ""                "HLT"     
vector<reco::Photon>                  "pfPhotonTranslator"        "pfphot"          "HLT"     
vector<reco::PhotonCore>              "photonCore"                ""                "HLT"     
vector<reco::PhotonCore>              "pfPhotonTranslator"        "pfphot"          "HLT"     
vector<reco::PreshowerCluster>        "pfElectronTranslator"      "pf"              "HLT"     
vector<reco::PreshowerCluster>        "pfPhotonTranslator"        "pfphot"          "HLT"     
vector<reco::PreshowerCluster>        "multi5x5SuperClustersWithPreshower"   "preshowerXClusters"   "HLT"     
vector<reco::PreshowerCluster>        "multi5x5SuperClustersWithPreshower"   "preshowerYClusters"   "HLT"     
vector<reco::PreshowerClusterShape>    "multi5x5PreshowerClusterShape"   "multi5x5PreshowerXClustersShape"   "HLT"     
vector<reco::PreshowerClusterShape>    "multi5x5PreshowerClusterShape"   "multi5x5PreshowerYClustersShape"   "HLT"     
vector<reco::RecoChargedRefCandidate>    "trackRefsForJets"          ""                "HLT"     
vector<reco::RecoEcalCandidate>       "hfRecoEcalCandidate"       ""                "HLT"     
vector<reco::RecoTauPiZero>           "hpsPFTauProducer"          "pizeros"         "HLT"     
vector<reco::RecoTauPiZero>           "hpsTancTaus"               "pizeros"         "HLT"     
vector<reco::RecoTauPiZero>           "shrinkingConePFTauProducer"   "pizeros"         "HLT"     
vector<reco::SuperCluster>            "correctedHybridSuperClusters"   ""                "HLT"     
vector<reco::SuperCluster>            "correctedMulti5x5SuperClustersWithPreshower"   ""                "HLT"     
vector<reco::SuperCluster>            "hfEMClusters"              ""                "HLT"     
vector<reco::SuperCluster>            "pfElectronTranslator"      "pf"              "HLT"     
vector<reco::SuperCluster>            "pfPhotonTranslator"        "pfphot"          "HLT"     
vector<reco::SuperCluster>            "hybridSuperClusters"       "uncleanOnlyHybridSuperClusters"   "HLT"     
vector<reco::Track>                   "ckfInOutTracksFromConversions"   ""                "HLT"     
vector<reco::Track>                   "ckfOutInTracksFromConversions"   ""                "HLT"     
vector<reco::Track>                   "conversionStepTracks"      ""                "HLT"     
vector<reco::Track>                   "cosmicMuons"               ""                "HLT"     
vector<reco::Track>                   "cosmicMuons1Leg"           ""                "HLT"     
vector<reco::Track>                   "generalTracks"             ""                "HLT"     
vector<reco::Track>                   "globalCosmicMuons"         ""                "HLT"     
vector<reco::Track>                   "globalCosmicMuons1Leg"     ""                "HLT"     
vector<reco::Track>                   "globalMuons"               ""                "HLT"     
vector<reco::Track>                   "refittedStandAloneMuons"   ""                "HLT"     
vector<reco::Track>                   "regionalCosmicTracks"      ""                "HLT"     
vector<reco::Track>                   "standAloneMuons"           ""                "HLT"     
vector<reco::Track>                   "uncleanedOnlyCkfInOutTracksFromConversions"   ""                "HLT"     
vector<reco::Track>                   "uncleanedOnlyCkfOutInTracksFromConversions"   ""                "HLT"     
vector<reco::Track>                   "refittedStandAloneMuons"   "UpdatedAtVtx"    "HLT"     
vector<reco::Track>                   "standAloneMuons"           "UpdatedAtVtx"    "HLT"     
vector<reco::Track>                   "tevMuons"                  "default"         "HLT"     
vector<reco::Track>                   "tevMuons"                  "dyt"             "HLT"     
vector<reco::Track>                   "tevMuons"                  "firstHit"        "HLT"     
vector<reco::Track>                   "tevMuons"                  "picky"           "HLT"     
vector<reco::TrackExtra>              "globalMuons"               ""                "HLT"     
vector<reco::TrackExtra>              "refittedStandAloneMuons"   ""                "HLT"     
vector<reco::TrackExtra>              "standAloneMuons"           ""                "HLT"     
vector<reco::TrackExtra>              "tevMuons"                  "default"         "HLT"     
vector<reco::TrackExtra>              "tevMuons"                  "dyt"             "HLT"     
vector<reco::TrackExtra>              "tevMuons"                  "firstHit"        "HLT"     
vector<reco::TrackExtra>              "tevMuons"                  "picky"           "HLT"     
vector<reco::TrackExtrapolation>      "trackExtrapolator"         ""                "HLT"     
vector<reco::TrackJet>                "ak5TrackJets"              ""                "HLT"     
vector<reco::Vertex>                  "offlinePrimaryVertices"    ""                "HLT"     
vector<reco::Vertex>                  "offlinePrimaryVerticesWithBS"   ""                "HLT"     
vector<reco::VertexCompositeCandidate>    "generalV0Candidates"       "Kshort"          "HLT"     
vector<reco::VertexCompositeCandidate>    "generalV0Candidates"       "Lambda"          "HLT"     
trigger::TriggerEvent                 "hltTriggerSummaryAOD"      ""                "HLT"     

