<RandomEngineStates>
<Event>
<ModuleLabel>
VtxSmeared
</ModuleLabel>
<SeedLength>
1
</SeedLength>
<InitialSeeds>
      3609464
</InitialSeeds>
<FullStateLength>
202
</FullStateLength>
<FullState>
   2226355706   1072433133   3758096384   1071773756   3758096384   1068620367            0   1070922809   2147483648   1069670307
   2147483648   1071584141   2147483648   1069314587            0   1071817455   3221225472   1072584619   1073741824   1067722624
            0   1071834313   1073741824   1065497464            0   1072512616   3221225472   1070767221   1073741824   1071479073
   2147483648   1072650847    536870912   1069642607            0   1071182356   2147483648   1070527123            0   1069592032
            0   1072626305   1073741824   1069355106            0   1071693760   2684354560   1069767677   2147483648   1072431965
   3758096384   1069879607            0   1072069430   1073741824   1072024922   3221225472   1071503091   1073741824   1072080048
            0   1071404023            0   1072270997   2684354560   1072559080            0   1071737793    536870912   1070591979
   2147483648   1071921941   1610612736   1069869345            0   1072214367   2147483648   1071919656   2147483648   1072614552
   3221225472   1065316064            0   1070569687            0   1070341959            0   1071869289   1073741824   1071979754
   2684354560   1071133763   1073741824   1072224321   3758096384   1071306208            0   1069875724            0   1068911486
            0   1070009866            0   1071939894    536870912   1070661894   2147483648   1071516751   1073741824   1071391323
   3221225472   1070959032   2147483648   1068397056            0   1070609818   2147483648   1071098409   2147483648   1070639824
   2147483648   1068555866            0   1071934074    536870912   1071352983            0   1071985561   2147483648   1071762227
    536870912   1071923644   3221225472   1071267934   3221225472   1069583926   2147483648   1071679037   3758096384   1071651061
    536870912   1070647259            0   1070883468   2147483648   1069737673   2147483648   1071658932   2684354560   1070582658
   2147483648   1072189658            0   1072276685   1073741824   1071343044   3221225472   1069586813            0   1070475535
   2147483648   1068472154            0   1071932409            0   1066342360            0   1069794211   2147483648   1072162802
   1610612736   1070198366            0   1069828151            0   1071402610   3221225472   1072559056   1610612736   1071462134
   1073741824   1071863860   2684354560   1071617981   1073741824   1071565430   1073741824   1071778073    536870912   1071771062
   3758096384   1070319924            0   1068627508            0   1066802960            0   1071461100   1073741824   1072693247
   2684354560           32
</FullState>
<ModuleLabel>
g4SimHits
</ModuleLabel>
<SeedLength>
1
</SeedLength>
<InitialSeeds>
    669193926
</InitialSeeds>
<FullStateLength>
202
</FullStateLength>
<FullState>
   2226355706   1072073508   1073741824   1071745281   3758096384   1072575297   2684354560   1071904344    536870912   1071547308
   1073741824   1068577344            0   1069517145            0   1072233808   3221225472   1072330386   2684354560   1068968894
            0   1072656055   1073741824   1071393785   2147483648   1072496432    536870912   1069799040            0   1071280303
            0   1072309075   1073741824   1068680719            0   1072082759   2684354560   1070023497   2147483648   1070873469
   1073741824   1068557492            0   1071206447   3221225472   1071653017   1073741824   1069879927            0   1070835658
   2147483648   1072512464   3758096384   1069636981   2147483648   1072470055   2147483648   1072309735   3221225472   1072141810
   3758096384   1071980476   3221225472   1070980875   2147483648   1070748856   1073741824   1065898760            0   1071526933
   3221225472   1072415130   2684354560   1071961972   1073741824   1072121685   1073741824   1070814037   3221225472   1068340172
            0   1069921183            0   1071984182   3758096384   1071233304   3221225472   1070546429   2147483648   1072329177
    536870912   1072550621   2147483648   1071762704   1610612736   1070939964   1073741824   1071927372   1610612736   1069590032
   2147483648   1071280356            0   1070955131   2147483648   1071299843   2147483648   1072516868   2684354560   1072253284
   3758096384   1072150829   2147483648   1071937710    536870912   1072302322   2684354560   1071642253   3221225472   1070719314
   2147483648   1071461388   1073741824   1072336411   3758096384   1072559421   1073741824   1068817217            0   1071538421
            0   1070973549   2147483648   1071738188   2684354560   1071732242            0   1070018664            0   1072522312
   3221225472   1071041226   3221225472   1072536843    536870912   1071977527   2684354560   1066575476            0   1070694272
            0   1067300976            0   1072226746   1610612736   1066637636            0   1071260589   3221225472   1071292676
   3221225472   1072245644   2684354560   1069043945            0   1070882058   1073741824   1072488268            0   1069867331
   2147483648   1071368569   3221225472   1072395848   1610612736   1070988848   2147483648   1072556512    536870912   1071064326
            0   1070704581   3221225472   1070056145   2147483648   1068391444            0   1068604387            0   1071855636
   1610612736   1072506868   1610612736   1071085339            0   1066802960            0   1071461100   1073741824   1072693247
   2684354560           32
</FullState>
<ModuleLabel>
generator
</ModuleLabel>
<SeedLength>
1
</SeedLength>
<InitialSeeds>
     80066225
</InitialSeeds>
<FullStateLength>
202
</FullStateLength>
<FullState>
   2226355706   1072479261   2147483648   1071601576   3221225472   1070219576   2147483648   1069721663   2147483648   1071275730
            0   1072293667   2147483648   1072590842   2147483648   1071437009   3221225472   1072496425    536870912   1070642865
   2147483648   1071978565   2147483648   1070676953   2147483648   1072672060   1610612736   1070957611   1073741824   1072349167
   2147483648   1072137125            0   1072203430   3221225472   1072292129   2684354560   1071191184   2147483648   1069572789
            0   1072572950   1610612736   1072319931   2684354560   1070803186   2147483648   1072328286   3221225472   1070702103
   3221225472   1072343277    536870912   1070237488   2147483648   1072251063   3758096384   1072656940   3221225472   1070683704
   3221225472   1070977742   2147483648   1071234260   3221225472   1069586584            0   1071707167    536870912   1071730688
   3758096384   1071595734            0   1070885517            0   1071705768   3758096384   1072170354            0   1071831299
   1610612736   1071597303   3221225472   1069877450            0   1072081318   2684354560   1063863680            0   1070867448
   3221225472   1071754312   2684354560   1072587809   2684354560   1071657127   1610612736   1070840650   2147483648   1071659931
    536870912   1070728008   1073741824   1071211600   2147483648   1070836497            0   1071872272    536870912   1071728188
   2147483648   1071583881   3221225472   1072097951    536870912   1070129136   2147483648   1072454334   3221225472   1072172046
   1610612736   1070900991            0   1072661788   1073741824   1071789312   3221225472   1070476674   2147483648   1072051424
   2684354560   1071517357   1073741824   1071508242   2147483648   1072574541   2147483648   1071234965            0   1072334328
   1610612736   1071740152   1610612736   1071732528   1610612736   1072469983   3221225472   1072362057   2684354560   1071854787
    536870912   1070552780   2147483648   1071094117            0   1072439222   1610612736   1071734175   2684354560   1070869724
            0   1070063933            0   1072258287    536870912   1069071866            0   1071750642    536870912   1070622384
            0   1071442455   2147483648   1070825828   1073741824   1068683816            0   1071296055   3221225472   1072351917
            0   1069999681   2147483648   1070525315   2147483648   1068124778            0   1072031553   2147483648   1068245750
            0   1072067996   3758096384   1072662219   2147483648   1066802960            0   1071461100   1073741824   1072693247
   2684354560           32
</FullState>
</Event>
<Lumi>
<ModuleLabel>
VtxSmeared
</ModuleLabel>
<SeedLength>
1
</SeedLength>
<InitialSeeds>
      3609465
</InitialSeeds>
<FullStateLength>
202
</FullStateLength>
<FullState>
   2226355706   1072350024   1610612736   1072009970    536870912   1071946960    536870912   1069367631            0   1070646057
   2147483648   1068419990            0   1069892866            0   1068550598            0   1072604056   2684354560   1071130309
   2147483648   1066136896            0   1070653301   3221225472   1069959391            0   1072345755    536870912   1071801531
   1610612736   1071139531            0   1072322307    536870912   1070470176            0   1072636708    536870912   1070565654
            0   1072080858   3758096384   1070560883   2147483648   1071121104   3221225472   1071483577   2147483648   1069156270
            0   1066949404            0   1068767324            0   1072171226   3221225472   1072398747   1610612736   1071838378
   3221225472   1071208538   3221225472   1071111312            0   1069373476            0   1071068450   2147483648   1072405693
   2147483648   1067556378            0   1072150871            0   1070250647            0   1072631182    536870912   1066225616
            0   1070814688   2147483648   1071765892   3758096384   1071783841   2147483648   1070740044   2147483648   1071264725
   3221225472   1071086679   1073741824   1067659920            0   1069544600            0   1070841165            0   1068911884
            0   1072351270   1073741824   1069861107            0   1071732027   1073741824   1069770301            0   1071041869
   2147483648   1071449680   3221225472   1070900355   1073741824   1071984524   2147483648   1071484809   3221225472   1071866033
   3221225472   1071386982   2147483648   1072362403   3221225472   1071484815   1073741824   1072317398   3221225472   1069770017
            0   1070572524            0   1070316508   2147483648   1069792460   2147483648   1069308665            0   1071044746
            0   1072404172            0   1071616086   1073741824   1071514919            0   1072223906   2147483648   1071039041
   3221225472   1071605480   2147483648   1072123218   3221225472   1070342351   2147483648   1071824101   1610612736   1068647416
            0   1070954789   3221225472   1070647582   2147483648   1071787320   1610612736   1071678807    536870912   1072489974
   1610612736   1072556545   2684354560   1071354287            0   1070850926   1073741824   1070160659            0   1069597887
   2147483648   1070722120   1073741824   1070621332   3221225472   1072329554   3221225472   1071535436   2147483648   1071837371
   3758096384   1070763662   3221225472   1071984326   2147483648   1066802960            0   1071461100   1073741824   1072693247
   2684354560           32
</FullState>
<ModuleLabel>
g4SimHits
</ModuleLabel>
<SeedLength>
1
</SeedLength>
<InitialSeeds>
    669193927
</InitialSeeds>
<FullStateLength>
202
</FullStateLength>
<FullState>
   2226355706   1072134274   1610612736   1069791260   2147483648   1069920867   2147483648   1071906106   3221225472   1072286484
   1073741824   1071858794   3758096384   1072228365   2684354560   1070833726   1073741824   1071155564   1073741824   1072028443
   2147483648   1068985450            0   1072262641    536870912   1072089081   1610612736   1071942658   3758096384   1071662298
   1073741824   1072238257   2684354560   1072447681   2684354560   1070628106            0   1072647825   3221225472   1066886340
            0   1072040087   2684354560   1072219543   3221225472   1068621216            0   1071172845            0   1068150034
            0   1071100820   1073741824   1071832491            0   1070888588   1073741824   1070626346   1073741824   1069325811
            0   1071683675   3758096384   1069053643            0   1066995864            0   1069220713            0   1070840400
   1073741824   1069022705            0   1072691086    536870912   1072510561   1073741824   1071706590   1610612736   1072460268
   1073741824   1070668841   3221225472   1070239003   2147483648   1072585192   2684354560   1072499901   1610612736   1068287054
            0   1071718602    536870912   1070083537   2147483648   1072472862   3758096384   1071110771            0   1072474340
            0   1072053089   2147483648   1069745486   2147483648   1072476174   1073741824   1070956710   1073741824   1071699867
   3221225472   1072143017            0   1067573794            0   1070805962   1073741824   1066270800            0   1068803014
            0   1071119183   2147483648   1072413383   2147483648   1072678754    536870912   1071137464   1073741824   1072032924
   2684354560   1072405383    536870912   1067808388            0   1071278683   3221225472   1072238768    536870912   1069811501
   2147483648   1072616915   1073741824   1072058468   1610612736   1072476405    536870912   1070243026   2147483648   1069442626
            0   1070228928   2147483648   1072287672   2684354560   1071782567   1073741824   1070671054   3221225472   1071227783
            0   1071928724   1073741824   1069881128   2147483648   1064374784            0   1072331101   3221225472   1071036624
   1073741824   1069576604   2147483648   1072395726            0   1072331532   1073741824   1070743044   1073741824   1071143865
   3221225472   1072236714   1073741824   1070135982            0   1071771619   3221225472   1072262878   2147483648   1070659976
   1073741824   1071704153   3221225472   1069243817            0   1066802960            0   1071461100   1073741824   1072693247
   2684354560           32
</FullState>
<ModuleLabel>
generator
</ModuleLabel>
<SeedLength>
1
</SeedLength>
<InitialSeeds>
     80066226
</InitialSeeds>
<FullStateLength>
202
</FullStateLength>
<FullState>
   2226355706   1071423964   1073741824   1072167962   2684354560   1068664678            0   1071543498            0   1071766182
   2147483648   1072594585   3758096384   1071871656    536870912   1071203944   3221225472   1071842950   2684354560   1070777129
   3221225472   1072315399   2684354560   1068856518            0   1072287686   2684354560   1072360893   2684354560   1072255894
    536870912   1071256862            0   1069914123   2147483648   1070613959   1073741824   1070087056            0   1069575940
   2147483648   1070100506            0   1070513403   2147483648   1068109154            0   1071160345   2147483648   1069879971
   2147483648   1072469745            0   1071816006   1610612736   1071729722            0   1069164930            0   1071498600
   2147483648   1072102680   3758096384   1072293868            0   1069105604            0   1072274650    536870912   1072680802
   2684354560   1072278310   1610612736   1069761827            0   1070790196   3221225472   1071275974   3221225472   1069879948
   2147483648   1072138649   2684354560   1070730800            0   1071327721   3221225472   1072293864   3758096384   1071603846
   3221225472   1072345444   1610612736   1072046138   1073741824   1072178642   2147483648   1071764153   1610612736   1071439085
   3221225472   1071925536            0   1071520866   3221225472   1072647692   1073741824   1070439908            0   1071286812
   2147483648   1072010858            0   1072003430    536870912   1071876745   3221225472   1072162180   3758096384   1068530837
            0   1072309469   1073741824   1072086741            0   1070322094   2147483648   1072237474   1610612736   1071160399
            0   1072020302   3221225472   1070422963   2147483648   1072245095   3758096384   1070989760   2147483648   1071760212
   3758096384   1072232450   1610612736   1072415097   1073741824   1070571182   2147483648   1068601848            0   1071886259
   2684354560   1071976846    536870912   1071557739            0   1071133342   2147483648   1072182784    536870912   1071694586
    536870912   1070793673   3221225472   1070831982   2147483648   1072399161   3221225472   1071814881   1073741824   1067760708
            0   1068620749            0   1070745125            0   1070717113            0   1069994419            0   1068571922
            0   1070856979   1073741824   1072104792   2147483648   1071470005   1073741824   1071728781   2684354560   1071729127
   1610612736   1071657443   1610612736   1071418713   3221225472   1066802960            0   1071461100   1073741824   1072693247
   2684354560           32
</FullState>
</Lumi>
</RandomEngineStates>
